[arsellachristabel2.wixsite.com/alvin-and-the-chip-3.html]
[static.parastorage.com/unpkg/core-js-bundle@3.2.1/minified.js]
[static.parastorage.com/unpkg/focus-within-polyfill@5.0.9/dist/focus-within-polyfill.js]
[polyfill-fastly.io/v3/polyfill.mind82c.js]
[arsellachristabel2.wixsite.com/s.4.delayed]
[arsellachristabel2.wixsite.com/t.5.delayed]
[backblue.gif]
[fade.gif]
[index.html]
[arsellachristabel2.wixsite.com/index.html]
[arsellachristabel2.wixsite.com/alvin-and-the-chip-3/book-online.html]
[static.wixstatic.com/media/886043_1e1c2e4da2f94484bf049598d2bcc627_mv2.png/v1/fill/w_497,h_229,al_c,q_85,usm_0.66_1.00_0.01,enc_avif,quality_auto/1024px-Alvin_and_the_Chipmunks_(film)_logo.png]
[static.wixstatic.com/media/886043_f5dc04b5376848f5bdfd80dee08ce6e8_mv2.png/v1/fill/w_446,h_343,al_c,q_85,usm_0.66_1.00_0.01,enc_avif,quality_auto/b2ca2c35-0eb0-4fab-966c-63212de7aa3a_edi.png]
[static.wixstatic.com/media/886043_a95668031591430bbf48511a96e2fa79_mv2.png/v1/fill/w_394,h_300,al_c,q_85,usm_0.66_1.00_0.01,enc_avif,quality_auto/82d250a6-dbdb-4306-b80c-cd1b6008ba6d_edi.png]
[static.wixstatic.com/media/886043_fb68747107a2493bb15ac368afc1b703_mv2.jpeg/v1/fill/w_108,h_144,al_c,q_80,usm_0.66_1.00_0.01,blur_2,enc_avif,quality_auto/WhatsApp Image 2025-01-20 at 15_13_50.jpg]
[static.parastorage.com/services/wix-thunderbolt/dist/8875.4f0e86e1.bundle.min.js]
[browser.sentry-cdn.com/6.18.2/bundle.min.js]
[arsellachristabel2.wixsite.com/sitemap.d.delayed]
[arsellachristabel2.wixsite.com/feed.e.delayed]
[static.parastorage.com/services/wix-thunderbolt/dist/thunderbolt-commons.b8425042.bundle.min.js]
[static.parastorage.com/services/wix-thunderbolt/dist/main.18cd014d.bundle.min.js]
[static.parastorage.com/services/wix-thunderbolt/dist/main.renderer.a20626f8.bundle.min.js]
[static.parastorage.com/unpkg/lodash@4.17.21/lodash.min.js]
[static.parastorage.com/unpkg/react@18.3.1/umd/react.production.min.js]
[static.parastorage.com/unpkg/react-dom@18.3.1/umd/react-dom.production.min.js]
[static.parastorage.com/services/wix-thunderbolt/dist/browser-deprecation.bundle.es5.js]
[arsellachristabel2.wixsite.com/decodeURIComponent(e.16.delayed]
[arsellachristabel2.wixsite.com/alvin-and-the-chip-3.html]
[arsellachristabel2.wixsite.com/s.html]
[arsellachristabel2.wixsite.com/t.html]
[arsellachristabel2.wixsite.com/index.html]
[static.parastorage.com/services/tag-manager-client/1.920.0/siteTags.bundle.min.js]
[arsellachristabel2.wixsite.com/alvin-and-the-chip-3/s.18.delayed]
[arsellachristabel2.wixsite.com/alvin-and-the-chip-3/t.19.delayed]
[arsellachristabel2.wixsite.com/alvin-and-the-chip-3/robots.1a.delayed]
[arsellachristabel2.wixsite.com/alvin-and-the-chip-3/sitemap.xml]
[arsellachristabel2.wixsite.com/alvin-and-the-chip-3/feed.1c.delayed]
[static.parastorage.com/services/wix-thunderbolt/dist/thunderbolt-commons.569be6c3.bundle.min.js]
[static.parastorage.com/services/wix-thunderbolt/dist/main.b0d83c2c.bundle.min.js]
[static.parastorage.com/services/bookings-service-list-widget/1.1519.0/BookOnlineViewerWidgetNoCss.bundle.min.js]
[arsellachristabel2.wixsite.com/alvin-and-the-chip-3/decodeURIComponent(e.20.delayed]
[arsellachristabel2.wixsite.com/alvin-and-the-chip-3/book-online.html]
[arsellachristabel2.wixsite.com/sitemap.html]
[arsellachristabel2.wixsite.com/feed.html]
[arsellachristabel2.wixsite.com/decodeURIComponent(e.html]
[arsellachristabel2.wixsite.com/alvin-and-the-chip-3/s.html]
[arsellachristabel2.wixsite.com/alvin-and-the-chip-3/t.html]
[arsellachristabel2.wixsite.com/alvin-and-the-chip-3/robots.html]
[arsellachristabel2.wixsite.com/alvin-and-the-chip-3/feed.html]
[arsellachristabel2.wixsite.com/alvin-and-the-chip-3/decodeURIComponent(e.html]
